app/build/outputs/mapping/release/mapping.txt
# compiler: R8
# compiler_version: 8.5.10
# min_api: 19
# common_typos_disable
# {"id":"com.android.tools.r8.mapping","version":"2.2"}
# pg_map_id: cce1bff
# pg_map_hash: SHA-256 cce1bffff70a2be5705db4f7727cb5aacdeab851999e0ef861a4c19b40752f1d
app.vercel.myetracker.twa.Application -> app.vercel.myetracker.twa.Application:
# {"id":"sourceFile","fileName":"Application.java"}
app.vercel.myetracker.twa.DelegationService -> app.vercel.myetracker.twa.DelegationService:
# {"id":"sourceFile","fileName":"DelegationService.java"}
app.vercel.myetracker.twa.LauncherActivity -> app.vercel.myetracker.twa.LauncherActivity:
# {"id":"sourceFile","fileName":"LauncherActivity.java"}
    1:1:android.net.Uri getLaunchingUrl():0:0 -> h
...
androidx.browser.trusted.TokenContents$$ExternalSyntheticLambda0 -> f.k:
# {"id":"sourceFile","fileName":"R8$$SyntheticClass"}
# {"id":"com.android.tools.r8.synthesized"}
    1:1:void f.TokenContents$$ExternalSyntheticLambda0.<init>():0:0 -> <init>
      # {"id":"com.android.tools.r8.synthesized"}
    1:1:int f.TokenContents$$ExternalSyntheticLambda0.compare(java.lang.Object,java.lang.Object):0:0 -> compare
      # {"id":"com.android.tools.r8.synthesized"}
androidx.browser.trusted.TokenStore -> f.m:
# {"id":"sourceFile","fileName":"TokenStore.java"}
    void store(androidx.browser.trusted.Token) -> a
      # {"id":"com.android.tools.r8.residualsignature","signature":"(Lf/j;)V"}
    androidx.browser.trusted.Token load() -> b
      # {"id":"com.android.tools.r8.residualsignature","signature":"()Lf/j;"}
androidx.browser.trusted.TrustedWebActivityCallbackRemote -> f.n:
# {"id":"sourceFile","fileName":"TrustedWebActivityCallbackRemote.java"}
    android.support.customtabs.trusted.ITrustedWebActivityCallback mCallbackBinder -> a
      # {"id":"com.android.tools.r8.residualsignature","signature":"Lb/a;"}
    1:6:void <init>(android.support.customtabs.trusted.ITrustedWebActivityCallback):0:0 -> <init>
      # {"id":"com.android.tools.r8.residualsignature","signature":"(Lb/a;)V"}
    6:18:androidx.browser.trusted.TrustedWebActivityCallbackRemote fromBinder(android.os.IBinder):0:0 -> a
      # {"id":"com.android.tools.r8.residualsignature","signature":"(Landroid/os/IBinder;)Lf/n;"}
androidx.browser.trusted.TrustedWebActivityDisplayMode -> f.o:
# {"id":"sourceFile","fileName":"TrustedWebActivityDisplayMode.java"}
    android.os.Bundle toBundle() -> a
androidx.browser.trusted.TrustedWebActivityDisplayMode$DefaultMode -> f.o$a:
# {"id":"sourceFile","fileName":"TrustedWebActivityDisplayMode.java"}
    1:4:void <init>():0:0 -> <init>
    1:12:android.os.Bundle toBundle():0:0 -> a
androidx.browser.trusted.TrustedWebActivityDisplayMode$ImmersiveMode -> f.o$b:
# {"id":"sourceFile","fileName":"TrustedWebActivityDisplayMode.java"}
    boolean mIsSticky -> a
    int mLayoutInDisplayCutoutMode -> b
    1:8:void <init>(boolean,int):0:0 -> <init>
    1:26:android.os.Bundle toBundle():0:0 -> a
androidx.browser.trusted.TrustedWebActivityIntent -> f.p:
# {"id":"sourceFile","fileName":"TrustedWebActivityIntent.java"}
    android.content.Intent mIntent -> a
    java.util.List mSharedFileUris -> b
    1:8:void <init>(android.content.Intent,java.util.List):0:0 -> <init>
    1:3:android.content.Intent getIntent():0:0 -> a
    1:30:void grantUriPermissionToProvider(android.content.Context):0:0 -> b
    1:10:void launchTrustedWebActivity(android.content.Context):0:0 -> c