app/build/outputs/mapping/release/usage.txt
app.vercel.myetracker.twa.R$bool
app.vercel.myetracker.twa.R$color
app.vercel.myetracker.twa.R$drawable
app.vercel.myetracker.twa.R$integer
app.vercel.myetracker.twa.R$mipmap
app.vercel.myetracker.twa.R$raw
app.vercel.myetracker.twa.R$string
app.vercel.myetracker.twa.R$xml
app.vercel.myetracker.twa.R
...
androidx.core.graphics.drawable.RoundedBitmapDrawableFactory$DefaultRoundedBitmapDrawable
androidx.core.graphics.drawable.RoundedBitmapDrawableFactory
androidx.core.graphics.drawable.TintAwareDrawable:
    public abstract void setTint(int)
    public abstract void setTintList(android.content.res.ColorStateList)
    public abstract void setTintMode(android.graphics.PorterDuff$Mode)
androidx.core.graphics.drawable.WrappedDrawable
androidx.core.graphics.drawable.WrappedDrawableApi14:
    public final android.graphics.drawable.Drawable getWrappedDrawable()
androidx.core.graphics.drawable.WrappedDrawableApi21:
    private static final java.lang.String TAG
androidx.core.hardware.display.DisplayManagerCompat
androidx.core.hardware.fingerprint.FingerprintManagerCompat$1
androidx.core.hardware.fingerprint.FingerprintManagerCompat$AuthenticationCallback
androidx.core.hardware.fingerprint.FingerprintManagerCompat$AuthenticationResult
androidx.core.hardware.fingerprint.FingerprintManagerCompat$CryptoObject
androidx.core.hardware.fingerprint.FingerprintManagerCompat
androidx.core.internal.package-info
androidx.core.internal.view.SupportMenu
androidx.core.internal.view.SupportMenuItem
androidx.core.internal.view.SupportSubMenu
androidx.core.location.LocationManagerCompat
androidx.core.math.MathUtils
androidx.core.net.ConnectivityManagerCompat$RestrictBackgroundStatus
androidx.core.net.ConnectivityManagerCompat
androidx.core.net.DatagramSocketWrapper$DatagramSocketImplWrapper
androidx.core.net.DatagramSocketWrapper
androidx.core.net.TrafficStatsCompat
androidx.core.os.BuildCompat
androidx.core.os.CancellationSignal$OnCancelListener
androidx.core.os.CancellationSignal
androidx.core.os.ConfigurationCompat
androidx.core.os.EnvironmentCompat
androidx.core.os.HandlerCompat
androidx.core.os.LocaleListCompat
androidx.core.os.LocaleListCompatWrapper
androidx.core.os.LocaleListInterface
androidx.core.os.LocaleListPlatformWrapper
androidx.core.os.MessageCompat
androidx.core.os.OperationCanceledException
androidx.core.os.ParcelCompat
androidx.core.os.ParcelableCompat$ParcelableCompatCreatorHoneycombMR2
androidx.core.os.ParcelableCompat
androidx.core.os.ParcelableCompatCreatorCallbacks
androidx.core.os.TraceCompat
androidx.core.os.UserManagerCompat
androidx.core.provider.FontRequest
androidx.core.provider.FontsContractCompat$1
androidx.core.provider.FontsContractCompat$2
androidx.core.provider.FontsContractCompat$3
androidx.core.provider.FontsContractCompat$4$1
androidx.core.provider.FontsContractCompat$4$2
androidx.core.provider.FontsContractCompat$4$3
androidx.core.provider.FontsContractCompat$4$4
androidx.core.provider.FontsContractCompat$4$5
androidx.core.provider.FontsContractCompat$4$6
androidx.core.provider.FontsContractCompat$4$7
androidx.core.provider.FontsContractCompat$4$8
androidx.core.provider.FontsContractCompat$4$9
androidx.core.provider.FontsContractCompat$4
androidx.core.provider.FontsContractCompat$5
androidx.core.provider.FontsContractCompat$Columns
androidx.core.provider.FontsContractCompat$FontFamilyResult
androidx.core.provider.FontsContractCompat$FontInfo
androidx.core.provider.FontsContractCompat$FontRequestCallback$FontRequestFailReason
androidx.core.provider.FontsContractCompat$FontRequestCallback
androidx.core.provider.FontsContractCompat$TypefaceResult
androidx.core.provider.FontsContractCompat
androidx.core.provider.SelfDestructiveThread$1
androidx.core.provider.SelfDestructiveThread$2$1
androidx.core.provider.SelfDestructiveThread$2
androidx.core.provider.SelfDestructiveThread$3
androidx.core.provider.SelfDestructiveThread$ReplyCallback
androidx.core.provider.SelfDestructiveThread
androidx.core.telephony.mbms.MbmsHelper
androidx.core.text.BidiFormatter$Builder
androidx.core.text.BidiFormatter$DirectionalityEstimator
androidx.core.text.BidiFormatter
androidx.core.text.HtmlCompat
androidx.core.text.ICUCompat
androidx.core.text.PrecomputedTextCompat$Params$Builder
androidx.core.text.PrecomputedTextCompat$Params